0 info it worked if it ends with ok
1 verbose cli [ '/home/m/.nvm/versions/node/v6.11.4/bin/node',
1 verbose cli   '/home/m/.nvm/versions/node/v6.11.4/bin/npm',
1 verbose cli   'run',
1 verbose cli   'dev' ]
2 info using npm@3.10.10
3 info using node@v6.11.4
4 verbose stack Error: ENOENT: no such file or directory, open '/var/www/html/projects/rep_vue/package.json'
4 verbose stack     at Error (native)
5 verbose cwd /var/www/html/projects/rep_vue
6 error Linux 4.4.0-93-generic
7 error argv "/home/m/.nvm/versions/node/v6.11.4/bin/node" "/home/m/.nvm/versions/node/v6.11.4/bin/npm" "run" "dev"
8 error node v6.11.4
9 error npm  v3.10.10
10 error path /var/www/html/projects/rep_vue/package.json
11 error code ENOENT
12 error errno -2
13 error syscall open
14 error enoent ENOENT: no such file or directory, open '/var/www/html/projects/rep_vue/package.json'
15 error enoent ENOENT: no such file or directory, open '/var/www/html/projects/rep_vue/package.json'
15 error enoent This is most likely not a problem with npm itself
15 error enoent and is related to npm not being able to find a file.
16 verbose exit [ -2, true ]
